<?xml version="1.0" encoding="UTF-8"?>
<!-- Generated by org.testng.reporters.JUnitXMLReporter -->
<testsuite hostname="DESKTOP-HASMUKH" ignored="0" name="Command line test" tests="2" failures="0" timestamp="17 Sep 2020 18:54:44 GMT" time="0.165" errors="0">
  <testcase name="@BeforeMethod setUp" time="0.0" classname="com.crm.qa.testcases.LoginPageTest">
    <failure type="java.lang.NullPointerException">
      <![CDATA[java.lang.NullPointerException
	at org.openqa.selenium.support.events.EventFiringWebDriver.extractInterfaces(EventFiringWebDriver.java:120)
	at org.openqa.selenium.support.events.EventFiringWebDriver.<init>(EventFiringWebDriver.java:94)
	at com.crm.qa.base.TestBase.initialization(TestBase.java:54)
	at com.crm.qa.testcases.LoginPageTest.setUp(LoginPageTest.java:30)
	at com.crm.qa.testcases.TestRunner.main(TestRunner.java:21)
... Removed 24 stack frames]]>
    </failure>
  </testcase> <!-- @BeforeMethod setUp -->
  <testcase name="@AfterMethod teardown" time="0.0" classname="com.crm.qa.testcases.LoginPageTest">
    <skipped/>
  </testcase> <!-- @AfterMethod teardown -->
  <testcase name="@BeforeMethod setUp" time="0.0" classname="com.crm.qa.testcases.LoginPageTest">
    <skipped/>
  </testcase> <!-- @BeforeMethod setUp -->
  <testcase name="@AfterMethod teardown" time="0.0" classname="com.crm.qa.testcases.LoginPageTest">
    <skipped/>
  </testcase> <!-- @AfterMethod teardown -->
  <testcase name="loginPageTitleTest" time="0.001" classname="com.crm.qa.testcases.LoginPageTest">
    <skipped/>
  </testcase> <!-- loginPageTitleTest -->
  <testcase name="loginTest" time="0.0" classname="com.crm.qa.testcases.LoginPageTest">
    <skipped/>
  </testcase> <!-- loginTest -->
</testsuite> <!-- Command line test -->
